C:\Program Files (x86)\Microsoft Visual Studio\2019\Community\MSBuild\Microsoft\VC\v160\Microsoft.CppClean.targets(77,5): warning : Acceso denegado a la ruta de acceso 'c:\users\ampac\documents\git_repositorios\ucm_repos\sfv\practica 2\entrega 1\bin\game.exe'.
  callbacks.cpp
  main.cpp
  Particle.cpp
  ParticleManager.cpp
  RenderUtils.cpp
  Camera.cpp
C:\Users\ampac\Documents\git_Repositorios\UCM_Repos\SFV\Practica 2\Entrega 1\common\PhysX-3.4\PxShared\include\task\PxTask.h(329,1): warning C5220: "physx::PxLightCpuTask::mRefCount": un miembro de datos no estático con un tipo calificado volátil ya no implica
           que los constructores de copia/movimiento generados por el compilador y los operadores de asignación de copia o movimiento no sean triviales (compilando archivo de origen main.cpp)
C:\Users\ampac\Documents\git_Repositorios\UCM_Repos\SFV\Practica 2\Entrega 1\common\PhysX-3.4\PxShared\include\task\PxTask.h(326): message : vea la declaración de 'physx::PxLightCpuTask::mRefCount' (compilando archivo de origen main.cpp)
  Render.cpp
  Scene.cpp
C:\Users\ampac\Documents\git_Repositorios\UCM_Repos\SFV\Practica 2\Entrega 1\common\PhysX-3.4\PxShared\include\task\PxTask.h(329,1): warning C5220: "physx::PxLightCpuTask::mRefCount": un miembro de datos no estático con un tipo calificado volátil ya no implica
           que los constructores de copia/movimiento generados por el compilador y los operadores de asignación de copia o movimiento no sean triviales (compilando archivo de origen callbacks.cpp)
C:\Users\ampac\Documents\git_Repositorios\UCM_Repos\SFV\Practica 2\Entrega 1\common\PhysX-3.4\PxShared\include\task\PxTask.h(326): message : vea la declaración de 'physx::PxLightCpuTask::mRefCount' (compilando archivo de origen callbacks.cpp)
C:\Users\ampac\Documents\git_Repositorios\UCM_Repos\SFV\Practica 2\Entrega 1\common\PhysX-3.4\PxShared\include\task\PxTask.h(329,1): warning C5220: "physx::PxLightCpuTask::mRefCount": un miembro de datos no estático con un tipo calificado volátil ya no implica
           que los constructores de copia/movimiento generados por el compilador y los operadores de asignación de copia o movimiento no sean triviales (compilando archivo de origen Particle.cpp)
C:\Users\ampac\Documents\git_Repositorios\UCM_Repos\SFV\Practica 2\Entrega 1\common\PhysX-3.4\PxShared\include\task\PxTask.h(326): message : vea la declaración de 'physx::PxLightCpuTask::mRefCount' (compilando archivo de origen Particle.cpp)
C:\Users\ampac\Documents\git_Repositorios\UCM_Repos\SFV\Practica 2\Entrega 1\skeleton\Render\Camera.cpp(88,19): warning C5219: conversión implícita de "int" a "float"; posible pérdida de datos
C:\Users\ampac\Documents\git_Repositorios\UCM_Repos\SFV\Practica 2\Entrega 1\skeleton\Render\Camera.cpp(90,19): warning C5219: conversión implícita de "int" a "float"; posible pérdida de datos
C:\Users\ampac\Documents\git_Repositorios\UCM_Repos\SFV\Practica 2\Entrega 1\common\PhysX-3.4\PxShared\include\task\PxTask.h(329,1): warning C5220: "physx::PxLightCpuTask::mRefCount": un miembro de datos no estático con un tipo calificado volátil ya no implica
           que los constructores de copia/movimiento generados por el compilador y los operadores de asignación de copia o movimiento no sean triviales (compilando archivo de origen ParticleManager.cpp)
C:\Users\ampac\Documents\git_Repositorios\UCM_Repos\SFV\Practica 2\Entrega 1\common\PhysX-3.4\PxShared\include\task\PxTask.h(326): message : vea la declaración de 'physx::PxLightCpuTask::mRefCount' (compilando archivo de origen ParticleManager.cpp)
C:\Users\ampac\Documents\git_Repositorios\UCM_Repos\SFV\Practica 2\Entrega 1\common\PhysX-3.4\PxShared\include\task\PxTask.h(329,1): warning C5220: "physx::PxLightCpuTask::mRefCount": un miembro de datos no estático con un tipo calificado volátil ya no implica
           que los constructores de copia/movimiento generados por el compilador y los operadores de asignación de copia o movimiento no sean triviales (compilando archivo de origen RenderUtils.cpp)
C:\Users\ampac\Documents\git_Repositorios\UCM_Repos\SFV\Practica 2\Entrega 1\common\PhysX-3.4\PxShared\include\task\PxTask.h(326): message : vea la declaración de 'physx::PxLightCpuTask::mRefCount' (compilando archivo de origen RenderUtils.cpp)
C:\Users\ampac\Documents\git_Repositorios\UCM_Repos\SFV\Practica 2\Entrega 1\common\PhysX-3.4\PxShared\include\task\PxTask.h(329,1): warning C5220: "physx::PxLightCpuTask::mRefCount": un miembro de datos no estático con un tipo calificado volátil ya no implica
           que los constructores de copia/movimiento generados por el compilador y los operadores de asignación de copia o movimiento no sean triviales (compilando archivo de origen Scene.cpp)
C:\Users\ampac\Documents\git_Repositorios\UCM_Repos\SFV\Practica 2\Entrega 1\common\PhysX-3.4\PxShared\include\task\PxTask.h(326): message : vea la declaración de 'physx::PxLightCpuTask::mRefCount' (compilando archivo de origen Scene.cpp)
C:\Users\ampac\Documents\git_Repositorios\UCM_Repos\SFV\Practica 2\Entrega 1\common\PhysX-3.4\PxShared\include\task\PxTask.h(329,1): warning C5220: "physx::PxLightCpuTask::mRefCount": un miembro de datos no estático con un tipo calificado volátil ya no implica
           que los constructores de copia/movimiento generados por el compilador y los operadores de asignación de copia o movimiento no sean triviales (compilando archivo de origen Render\Render.cpp)
C:\Users\ampac\Documents\git_Repositorios\UCM_Repos\SFV\Practica 2\Entrega 1\common\PhysX-3.4\PxShared\include\task\PxTask.h(326): message : vea la declaración de 'physx::PxLightCpuTask::mRefCount' (compilando archivo de origen Render\Render.cpp)
C:\Users\ampac\Documents\git_Repositorios\UCM_Repos\SFV\Practica 2\Entrega 1\skeleton\Particle.cpp(7,45): warning C5038: miembro de datos "Particle::mDamp_" se inicializará después de miembro de datos "Particle::mMass_"
C:\Users\ampac\Documents\git_Repositorios\UCM_Repos\SFV\Practica 2\Entrega 1\skeleton\Particle.cpp(7,73): warning C5038: miembro de datos "Particle::mRadius_" se inicializará después de miembro de datos "Particle::mColor_"
C:\Users\ampac\Documents\git_Repositorios\UCM_Repos\SFV\Practica 2\Entrega 1\skeleton\Particle.cpp(7,87): warning C5038: miembro de datos "Particle::mColor_" se inicializará después de miembro de datos "Particle::limit_"
C:\Users\ampac\Documents\git_Repositorios\UCM_Repos\SFV\Practica 2\Entrega 1\skeleton\ParticleManager.cpp(4,2): warning C5038: miembro de datos "ParticleManager::mPoint_" se inicializará después de miembro de datos "ParticleManager::gen_time_"
C:\Users\ampac\Documents\git_Repositorios\UCM_Repos\SFV\Practica 2\Entrega 1\skeleton\Render\Render.cpp(132): warning C5045: El compilador insertará la mitigación de Spectre para la carga de memoria si se especificó el modificador /Qspectre
  C:\Users\ampac\Documents\git_Repositorios\UCM_Repos\SFV\Practica 2\Entrega 1\skeleton\Render\Render.cpp(121) : nota: el intervalo "nbPolys" del índice se comprobó por comparación en esta línea
  C:\Users\ampac\Documents\git_Repositorios\UCM_Repos\SFV\Practica 2\Entrega 1\common\PhysX-3.4\PxShared\include\foundation\PxVec3.h(105) : nota: suministra la carga de memoria en esta línea
LINK : fatal error LNK1104: no se puede abrir el archivo '..\bin\game.exe'
