c:\users\ampac\documents\git_repositorios\ucm_repos\sfv\practica 2\entrega 1\skeleton\release\scene.obj
c:\users\ampac\documents\git_repositorios\ucm_repos\sfv\practica 2\entrega 1\skeleton\release\particlemanager.obj
c:\users\ampac\documents\git_repositorios\ucm_repos\sfv\practica 2\entrega 1\skeleton\release\main.obj
c:\users\ampac\documents\git_repositorios\ucm_repos\sfv\practica 2\entrega 1\skeleton\release\render.obj
c:\users\ampac\documents\git_repositorios\ucm_repos\sfv\practica 2\entrega 1\skeleton\release\renderutils.obj
c:\users\ampac\documents\git_repositorios\ucm_repos\sfv\practica 2\entrega 1\skeleton\release\camera.obj
c:\users\ampac\documents\git_repositorios\ucm_repos\sfv\practica 2\entrega 1\skeleton\release\callbacks.obj
c:\users\ampac\documents\git_repositorios\ucm_repos\sfv\practica 2\entrega 1\skeleton\release\particle.obj
c:\users\ampac\documents\git_repositorios\ucm_repos\sfv\practica 2\entrega 1\bin\game.pdb
c:\users\ampac\documents\git_repositorios\ucm_repos\sfv\practica 2\entrega 2\skeleton\release\render.obj
c:\users\ampac\documents\git_repositorios\ucm_repos\sfv\practica 2\entrega 2\skeleton\release\particle.obj
c:\users\ampac\documents\git_repositorios\ucm_repos\sfv\practica 2\entrega 2\skeleton\release\camera.obj
c:\users\ampac\documents\git_repositorios\ucm_repos\sfv\practica 2\entrega 2\skeleton\release\callbacks.obj
c:\users\ampac\documents\git_repositorios\ucm_repos\sfv\practica 2\entrega 2\skeleton\release\scene.obj
c:\users\ampac\documents\git_repositorios\ucm_repos\sfv\practica 2\entrega 2\skeleton\release\renderutils.obj
c:\users\ampac\documents\git_repositorios\ucm_repos\sfv\practica 2\entrega 2\skeleton\release\particlemanager.obj
c:\users\ampac\documents\git_repositorios\ucm_repos\sfv\practica 2\entrega 2\skeleton\release\main.obj
c:\users\ampac\documents\git_repositorios\ucm_repos\sfv\practica 2\entrega 2\skeleton\release\firework.obj
c:\users\ampac\documents\git_repositorios\ucm_repos\sfv\practica 2\entrega 2\bin\game.pdb
c:\users\ampac\documents\git_repositorios\ucm_repos\sfv\practica 3\entrega 1\skeleton\release\main.obj
c:\users\ampac\documents\git_repositorios\ucm_repos\sfv\practica 3\entrega 1\skeleton\release\particlemanager.obj
c:\users\ampac\documents\git_repositorios\ucm_repos\sfv\practica 3\entrega 1\skeleton\release\callbacks.obj
c:\users\ampac\documents\git_repositorios\ucm_repos\sfv\practica 3\entrega 1\skeleton\release\firework.obj
c:\users\ampac\documents\git_repositorios\ucm_repos\sfv\practica 3\entrega 1\skeleton\release\render.obj
c:\users\ampac\documents\git_repositorios\ucm_repos\sfv\practica 3\entrega 1\skeleton\release\camera.obj
c:\users\ampac\documents\git_repositorios\ucm_repos\sfv\practica 3\entrega 1\skeleton\release\scene.obj
c:\users\ampac\documents\git_repositorios\ucm_repos\sfv\practica 3\entrega 1\skeleton\release\particle.obj
c:\users\ampac\documents\git_repositorios\ucm_repos\sfv\practica 3\entrega 1\skeleton\release\renderutils.obj
c:\users\ampac\documents\git_repositorios\ucm_repos\sfv\practica 3\entrega 1\bin\game.pdb
u:\ucm_repos\sfv\practica 5 solidos rigidos\entrega 1\skeleton\release\callbacks.obj
u:\ucm_repos\sfv\practica 5 solidos rigidos\entrega 1\skeleton\release\particlemanager.obj
u:\ucm_repos\sfv\practica 5 solidos rigidos\entrega 1\skeleton\release\camera.obj
c:\users\ampac\documents\git_repositorios\ucm_repos\sfv\practica 2\entrega 1\bin\game.exe
c:\users\ampac\documents\git_repositorios\ucm_repos\sfv\practica 2\entrega 2\bin\game.exe
c:\users\ampac\documents\git_repositorios\ucm_repos\sfv\practica 3\entrega 1\bin\game.exe
u:\ucm_repos\sfv\practica 5 solidos rigidos\entrega 1\skeleton\release\firework.obj
u:\ucm_repos\sfv\practica 5 solidos rigidos\entrega 1\skeleton\release\main.obj
u:\ucm_repos\sfv\practica 5 solidos rigidos\entrega 1\skeleton\release\render.obj
u:\ucm_repos\sfv\practica 5 solidos rigidos\entrega 1\skeleton\release\renderutils.obj
u:\ucm_repos\sfv\practica 5 solidos rigidos\entrega 1\skeleton\release\scene.obj
u:\ucm_repos\sfv\practica 5 solidos rigidos\entrega 1\bin\game.exe
u:\ucm_repos\sfv\practica 5 solidos rigidos\entrega 1\skeleton\release\game.tlog\cl.command.1.tlog
u:\ucm_repos\sfv\practica 5 solidos rigidos\entrega 1\skeleton\release\game.tlog\cl.read.1.tlog
u:\ucm_repos\sfv\practica 5 solidos rigidos\entrega 1\skeleton\release\game.tlog\cl.write.1.tlog
u:\ucm_repos\sfv\practica 5 solidos rigidos\entrega 1\skeleton\release\game.tlog\link.command.1.tlog
u:\ucm_repos\sfv\practica 5 solidos rigidos\entrega 1\skeleton\release\game.tlog\link.read.1.tlog
u:\ucm_repos\sfv\practica 5 solidos rigidos\entrega 1\skeleton\release\game.tlog\link.write.1.tlog
