c:\users\ampac\documents\git_repositorios\ucm_repos\sfv\practica 3\entrega 1\skeleton\profile\particlegravity.obj
c:\users\ampac\documents\git_repositorios\ucm_repos\sfv\practica 3\entrega 1\skeleton\profile\render.obj
c:\users\ampac\documents\git_repositorios\ucm_repos\sfv\practica 3\entrega 1\skeleton\profile\particleforceregistry.obj
c:\users\ampac\documents\git_repositorios\ucm_repos\sfv\practica 3\entrega 1\skeleton\profile\main.obj
c:\users\ampac\documents\git_repositorios\ucm_repos\sfv\practica 3\entrega 1\skeleton\profile\scene.obj
c:\users\ampac\documents\git_repositorios\ucm_repos\sfv\practica 3\entrega 1\skeleton\profile\firework.obj
c:\users\ampac\documents\git_repositorios\ucm_repos\sfv\practica 3\entrega 1\skeleton\profile\particlemanager.obj
c:\users\ampac\documents\git_repositorios\ucm_repos\sfv\practica 3\entrega 1\skeleton\profile\particleforcegenerator.obj
c:\users\ampac\documents\git_repositorios\ucm_repos\sfv\practica 3\entrega 1\skeleton\profile\camera.obj
c:\users\ampac\documents\git_repositorios\ucm_repos\sfv\practica 3\entrega 1\skeleton\profile\callbacks.obj
c:\users\ampac\documents\git_repositorios\ucm_repos\sfv\practica 3\entrega 1\skeleton\profile\renderutils.obj
c:\users\ampac\documents\git_repositorios\ucm_repos\sfv\practica 3\entrega 1\skeleton\profile\particle.obj
c:\users\ampac\documents\git_repositorios\ucm_repos\sfv\practica 3\entrega 1\bin\gameprofile.pdb
c:\users\ampac\documents\git_repositorios\ucm_repos\sfv\practica 3\entrega 1\skeleton\profile\windgenerator.obj
c:\users\ampac\documents\git_repositorios\ucm_repos\sfv\practica 3\entrega 1\skeleton\profile\particledrag.obj
c:\users\ampac\documents\git_repositorios\ucm_repos\sfv\practica 3\entrega 1\skeleton\profile\explosionforce.obj
c:\users\ampac\documents\git_repositorios\ucm_repos\sfv\practica 3\entrega 1\bin\gameprofile.exe
c:\users\ampac\documents\git_repositorios\ucm_repos\sfv\practica 3\entrega 1\skeleton\profile\game.tlog\cl.command.1.tlog
c:\users\ampac\documents\git_repositorios\ucm_repos\sfv\practica 3\entrega 1\skeleton\profile\game.tlog\cl.read.1.tlog
c:\users\ampac\documents\git_repositorios\ucm_repos\sfv\practica 3\entrega 1\skeleton\profile\game.tlog\cl.write.1.tlog
c:\users\ampac\documents\git_repositorios\ucm_repos\sfv\practica 3\entrega 1\skeleton\profile\game.tlog\link.command.1.tlog
c:\users\ampac\documents\git_repositorios\ucm_repos\sfv\practica 3\entrega 1\skeleton\profile\game.tlog\link.read.1.tlog
c:\users\ampac\documents\git_repositorios\ucm_repos\sfv\practica 3\entrega 1\skeleton\profile\game.tlog\link.write.1.tlog
