  BodySystem.cpp
  RigidBodyExplosion.cpp
  RigidBodySphereForce.cpp
  RigidbodyForceGenerator.cpp
  RigidbodyForceRegistry.cpp
  Scene.cpp
  main.cpp
U:\UCM_Repos\SFV\Practica 5 Solidos Rigidos\Entrega 1\common\PhysX-3.4\PxShared\include\task\PxTask.h(329,1): warning C5220: "physx::PxLightCpuTask::mRefCount": un miembro de datos no estático con un tipo calificado volátil ya no implica
           que los constructores de copia/movimiento generados por el compilador y los operadores de asignación de copia o movimiento no sean triviales (compilando archivo de origen RigidbodyForceRegistry.cpp)
U:\UCM_Repos\SFV\Practica 5 Solidos Rigidos\Entrega 1\common\PhysX-3.4\PxShared\include\task\PxTask.h(326): message : vea la declaración de 'physx::PxLightCpuTask::mRefCount' (compilando archivo de origen RigidbodyForceRegistry.cpp)
U:\UCM_Repos\SFV\Practica 5 Solidos Rigidos\Entrega 1\common\PhysX-3.4\PxShared\include\task\PxTask.h(329,1): warning C5220: "physx::PxLightCpuTask::mRefCount": un miembro de datos no estático con un tipo calificado volátil ya no implica
           que los constructores de copia/movimiento generados por el compilador y los operadores de asignación de copia o movimiento no sean triviales (compilando archivo de origen main.cpp)
U:\UCM_Repos\SFV\Practica 5 Solidos Rigidos\Entrega 1\common\PhysX-3.4\PxShared\include\task\PxTask.h(326): message : vea la declaración de 'physx::PxLightCpuTask::mRefCount' (compilando archivo de origen main.cpp)
U:\UCM_Repos\SFV\Practica 5 Solidos Rigidos\Entrega 1\common\PhysX-3.4\PxShared\include\task\PxTask.h(329,1): warning C5220: "physx::PxLightCpuTask::mRefCount": un miembro de datos no estático con un tipo calificado volátil ya no implica
           que los constructores de copia/movimiento generados por el compilador y los operadores de asignación de copia o movimiento no sean triviales (compilando archivo de origen RigidBodyExplosion.cpp)
U:\UCM_Repos\SFV\Practica 5 Solidos Rigidos\Entrega 1\common\PhysX-3.4\PxShared\include\task\PxTask.h(326): message : vea la declaración de 'physx::PxLightCpuTask::mRefCount' (compilando archivo de origen RigidBodyExplosion.cpp)
U:\UCM_Repos\SFV\Practica 5 Solidos Rigidos\Entrega 1\common\PhysX-3.4\PxShared\include\task\PxTask.h(329,1): warning C5220: "physx::PxLightCpuTask::mRefCount": un miembro de datos no estático con un tipo calificado volátil ya no implica
           que los constructores de copia/movimiento generados por el compilador y los operadores de asignación de copia o movimiento no sean triviales (compilando archivo de origen RigidBodySphereForce.cpp)
U:\UCM_Repos\SFV\Practica 5 Solidos Rigidos\Entrega 1\common\PhysX-3.4\PxShared\include\task\PxTask.h(326): message : vea la declaración de 'physx::PxLightCpuTask::mRefCount' (compilando archivo de origen RigidBodySphereForce.cpp)
U:\UCM_Repos\SFV\Practica 5 Solidos Rigidos\Entrega 1\common\PhysX-3.4\PxShared\include\task\PxTask.h(329,1): warning C5220: "physx::PxLightCpuTask::mRefCount": un miembro de datos no estático con un tipo calificado volátil ya no implica
           que los constructores de copia/movimiento generados por el compilador y los operadores de asignación de copia o movimiento no sean triviales (compilando archivo de origen RigidbodyForceGenerator.cpp)
U:\UCM_Repos\SFV\Practica 5 Solidos Rigidos\Entrega 1\common\PhysX-3.4\PxShared\include\task\PxTask.h(326): message : vea la declaración de 'physx::PxLightCpuTask::mRefCount' (compilando archivo de origen RigidbodyForceGenerator.cpp)
U:\UCM_Repos\SFV\Practica 5 Solidos Rigidos\Entrega 1\common\PhysX-3.4\PxShared\include\task\PxTask.h(329,1): warning C5220: "physx::PxLightCpuTask::mRefCount": un miembro de datos no estático con un tipo calificado volátil ya no implica
           que los constructores de copia/movimiento generados por el compilador y los operadores de asignación de copia o movimiento no sean triviales (compilando archivo de origen Scene.cpp)
U:\UCM_Repos\SFV\Practica 5 Solidos Rigidos\Entrega 1\common\PhysX-3.4\PxShared\include\task\PxTask.h(326): message : vea la declaración de 'physx::PxLightCpuTask::mRefCount' (compilando archivo de origen Scene.cpp)
U:\UCM_Repos\SFV\Practica 5 Solidos Rigidos\Entrega 1\common\PhysX-3.4\PxShared\include\task\PxTask.h(329,1): warning C5220: "physx::PxLightCpuTask::mRefCount": un miembro de datos no estático con un tipo calificado volátil ya no implica
           que los constructores de copia/movimiento generados por el compilador y los operadores de asignación de copia o movimiento no sean triviales (compilando archivo de origen BodySystem.cpp)
U:\UCM_Repos\SFV\Practica 5 Solidos Rigidos\Entrega 1\common\PhysX-3.4\PxShared\include\task\PxTask.h(326): message : vea la declaración de 'physx::PxLightCpuTask::mRefCount' (compilando archivo de origen BodySystem.cpp)
U:\UCM_Repos\SFV\Practica 5 Solidos Rigidos\Entrega 1\skeleton\RigidbodyForceGenerator.h(11,1): warning C5204: "RigidbodyForceGenerator": la clase tiene funciones virtuales, pero su destructor trivial no es virtual; puede que las instancias de objetos derivados de esta clase no se destruyan correctamente (compilando archivo de origen BodySystem.cpp)
U:\UCM_Repos\SFV\Practica 5 Solidos Rigidos\Entrega 1\skeleton\RigidbodyForceGenerator.h(11,1): warning C5204: "RigidbodyForceGenerator": la clase tiene funciones virtuales, pero su destructor trivial no es virtual; puede que las instancias de objetos derivados de esta clase no se destruyan correctamente (compilando archivo de origen RigidBodySphereForce.cpp)
U:\UCM_Repos\SFV\Practica 5 Solidos Rigidos\Entrega 1\skeleton\RigidbodyForceGenerator.h(11,1): warning C5204: "RigidbodyForceGenerator": la clase tiene funciones virtuales, pero su destructor trivial no es virtual; puede que las instancias de objetos derivados de esta clase no se destruyan correctamente (compilando archivo de origen RigidbodyForceRegistry.cpp)
U:\UCM_Repos\SFV\Practica 5 Solidos Rigidos\Entrega 1\skeleton\RigidbodyForceGenerator.h(11,1): warning C5204: "RigidbodyForceGenerator": la clase tiene funciones virtuales, pero su destructor trivial no es virtual; puede que las instancias de objetos derivados de esta clase no se destruyan correctamente (compilando archivo de origen RigidBodyExplosion.cpp)
U:\UCM_Repos\SFV\Practica 5 Solidos Rigidos\Entrega 1\skeleton\RigidBodyExplosion.cpp(3,88): warning C4100: 'lifeTime': parámetro formal sin referencia
U:\UCM_Repos\SFV\Practica 5 Solidos Rigidos\Entrega 1\skeleton\RigidBodyExplosion.cpp(13,62): warning C4100: 't': parámetro formal sin referencia
U:\UCM_Repos\SFV\Practica 5 Solidos Rigidos\Entrega 1\skeleton\RigidbodyForceGenerator.h(11,1): warning C5204: "RigidbodyForceGenerator": la clase tiene funciones virtuales, pero su destructor trivial no es virtual; puede que las instancias de objetos derivados de esta clase no se destruyan correctamente (compilando archivo de origen RigidbodyForceGenerator.cpp)
U:\UCM_Repos\SFV\Practica 5 Solidos Rigidos\Entrega 1\skeleton\BodySystem.cpp(7,22): warning C5038: miembro de datos "BodySystem::mScene_" se inicializará después de miembro de datos "BodySystem::timeToSpawn_"
U:\UCM_Repos\SFV\Practica 5 Solidos Rigidos\Entrega 1\skeleton\BodySystem.cpp(70,14): warning C4189: 'r': la variable local se ha inicializado pero no se hace referencia a ella
U:\UCM_Repos\SFV\Practica 5 Solidos Rigidos\Entrega 1\skeleton\ParticleForceGenerator.h(10,3): warning C4265: "ParticleForceGenerator": la clase tiene funciones virtuales, pero su destructor no trivial no es virtual; puede que las instancias de esta clase no se destruyan correctamente (compilando archivo de origen Scene.cpp)
U:\UCM_Repos\SFV\Practica 5 Solidos Rigidos\Entrega 1\skeleton\ParticleForceGenerator.h(10,3): warning C4265: "ParticleForceGenerator": la clase tiene funciones virtuales, pero su destructor no trivial no es virtual; puede que las instancias de esta clase no se destruyan correctamente (compilando archivo de origen main.cpp)
U:\UCM_Repos\SFV\Practica 5 Solidos Rigidos\Entrega 1\skeleton\RigidbodyForceGenerator.h(11,1): warning C5204: "RigidbodyForceGenerator": la clase tiene funciones virtuales, pero su destructor trivial no es virtual; puede que las instancias de objetos derivados de esta clase no se destruyan correctamente (compilando archivo de origen Scene.cpp)
U:\UCM_Repos\SFV\Practica 5 Solidos Rigidos\Entrega 1\skeleton\RigidbodyForceGenerator.h(11,1): warning C5204: "RigidbodyForceGenerator": la clase tiene funciones virtuales, pero su destructor trivial no es virtual; puede que las instancias de objetos derivados de esta clase no se destruyan correctamente (compilando archivo de origen main.cpp)
U:\UCM_Repos\SFV\Practica 5 Solidos Rigidos\Entrega 1\skeleton\main.cpp(112,2): warning C4065: la instrucción switch contiene etiquetas 'default' pero no etiquetas 'case'
U:\UCM_Repos\SFV\Practica 5 Solidos Rigidos\Entrega 1\skeleton\Scene.cpp(12,22): warning C4100: 'p': parámetro formal sin referencia
U:\UCM_Repos\SFV\Practica 5 Solidos Rigidos\Entrega 1\skeleton\Scene.cpp(105,92): warning C4100: 'mass': parámetro formal sin referencia
U:\UCM_Repos\SFV\Practica 5 Solidos Rigidos\Entrega 1\skeleton\Scene.cpp(105,82): warning C4100: 'rd': parámetro formal sin referencia
LINK : fatal error LNK1104: no se puede abrir el archivo '..\bin\gamePROFILE.exe'
