u:\ucm_repos\sfv\practica 5 constrains\entrega 1\skeleton\profile\explosionforce.obj
u:\ucm_repos\sfv\practica 5 constrains\entrega 1\skeleton\profile\particleforceregistry.obj
u:\ucm_repos\sfv\practica 5 constrains\entrega 1\skeleton\profile\particlebuoyancy.obj
u:\ucm_repos\sfv\practica 5 constrains\entrega 1\skeleton\profile\particledrag.obj
u:\ucm_repos\sfv\practica 5 constrains\entrega 1\skeleton\profile\render.obj
u:\ucm_repos\sfv\practica 5 constrains\entrega 1\skeleton\profile\firework.obj
u:\ucm_repos\sfv\practica 5 constrains\entrega 1\skeleton\profile\particlespring.obj
u:\ucm_repos\sfv\practica 5 constrains\entrega 1\skeleton\profile\scene.obj
u:\ucm_repos\sfv\practica 5 constrains\entrega 1\skeleton\profile\particlebungee.obj
u:\ucm_repos\sfv\practica 5 constrains\entrega 1\skeleton\profile\particlecontact.obj
u:\ucm_repos\sfv\practica 5 constrains\entrega 1\skeleton\profile\callbacks.obj
u:\ucm_repos\sfv\practica 5 constrains\entrega 1\skeleton\profile\particlelink.obj
u:\ucm_repos\sfv\practica 5 constrains\entrega 1\skeleton\profile\camera.obj
u:\ucm_repos\sfv\practica 5 constrains\entrega 1\skeleton\profile\main.obj
u:\ucm_repos\sfv\practica 5 constrains\entrega 1\skeleton\profile\particlemanager.obj
u:\ucm_repos\sfv\practica 5 constrains\entrega 1\skeleton\profile\particleanchoredspring.obj
u:\ucm_repos\sfv\practica 5 constrains\entrega 1\skeleton\profile\particleforcegenerator.obj
u:\ucm_repos\sfv\practica 5 constrains\entrega 1\skeleton\profile\renderutils.obj
u:\ucm_repos\sfv\practica 5 constrains\entrega 1\skeleton\profile\particle.obj
u:\ucm_repos\sfv\practica 5 constrains\entrega 1\skeleton\profile\particlegravity.obj
u:\ucm_repos\sfv\practica 5 constrains\entrega 1\skeleton\profile\windgenerator.obj
u:\ucm_repos\sfv\practica 5 constrains\entrega 1\bin\gameprofile.pdb
u:\ucm_repos\sfv\practica 5 constrains\entrega 1\bin\gameprofile.exe
u:\ucm_repos\sfv\practica 5 constrains\entrega 1\skeleton\profile\game.tlog\cl.command.1.tlog
u:\ucm_repos\sfv\practica 5 constrains\entrega 1\skeleton\profile\game.tlog\cl.read.1.tlog
u:\ucm_repos\sfv\practica 5 constrains\entrega 1\skeleton\profile\game.tlog\cl.write.1.tlog
u:\ucm_repos\sfv\practica 5 constrains\entrega 1\skeleton\profile\game.tlog\link.command.1.tlog
u:\ucm_repos\sfv\practica 5 constrains\entrega 1\skeleton\profile\game.tlog\link.read.1.tlog
u:\ucm_repos\sfv\practica 5 constrains\entrega 1\skeleton\profile\game.tlog\link.write.1.tlog
