  BodySystem.cpp
  callbacks.cpp
  ExplosionForce.cpp
U:\UCM_Repos\SFV\Practica 5 Solidos Rigidos\Entrega 1\skeleton\BodySystem.cpp : fatal error C1041: no puede abrir la base de datos de programa 'U:\UCM_Repos\SFV\Practica 5 Solidos Rigidos\Entrega 1\bin\game.pdb'. Si varios CL.EXE escriben en el mismo archivo .PDB, use /FS.
  Firework.cpp
  main.cpp
U:\UCM_Repos\SFV\Practica 5 Solidos Rigidos\Entrega 1\skeleton\callbacks.cpp : fatal error C1041: no puede abrir la base de datos de programa 'U:\UCM_Repos\SFV\Practica 5 Solidos Rigidos\Entrega 1\bin\game.pdb'. Si varios CL.EXE escriben en el mismo archivo .PDB, use /FS.
  Particle.cpp
U:\UCM_Repos\SFV\Practica 5 Solidos Rigidos\Entrega 1\skeleton\ExplosionForce.cpp : fatal error C1041: no puede abrir la base de datos de programa 'U:\UCM_Repos\SFV\Practica 5 Solidos Rigidos\Entrega 1\bin\game.pdb'. Si varios CL.EXE escriben en el mismo archivo .PDB, use /FS.
  ParticleAnchoredSpring.cpp
  ParticleBungee.cpp
U:\UCM_Repos\SFV\Practica 5 Solidos Rigidos\Entrega 1\skeleton\Firework.cpp : fatal error C1041: no puede abrir la base de datos de programa 'U:\UCM_Repos\SFV\Practica 5 Solidos Rigidos\Entrega 1\bin\game.pdb'. Si varios CL.EXE escriben en el mismo archivo .PDB, use /FS.
U:\UCM_Repos\SFV\Practica 5 Solidos Rigidos\Entrega 1\skeleton\main.cpp : fatal error C1041: no puede abrir la base de datos de programa 'U:\UCM_Repos\SFV\Practica 5 Solidos Rigidos\Entrega 1\bin\game.pdb'. Si varios CL.EXE escriben en el mismo archivo .PDB, use /FS.
  ParticleBuoyancy.cpp
  ParticleDrag.cpp
  ParticleForceGenerator.cpp
U:\UCM_Repos\SFV\Practica 5 Solidos Rigidos\Entrega 1\skeleton\Particle.cpp : fatal error C1041: no puede abrir la base de datos de programa 'U:\UCM_Repos\SFV\Practica 5 Solidos Rigidos\Entrega 1\bin\game.pdb'. Si varios CL.EXE escriben en el mismo archivo .PDB, use /FS.
  ParticleForceRegistry.cpp
  ParticleGravity.cpp
  ParticleManager.cpp
U:\UCM_Repos\SFV\Practica 5 Solidos Rigidos\Entrega 1\skeleton\ParticleBungee.cpp : fatal error C1041: no puede abrir la base de datos de programa 'U:\UCM_Repos\SFV\Practica 5 Solidos Rigidos\Entrega 1\bin\game.pdb'. Si varios CL.EXE escriben en el mismo archivo .PDB, use /FS.
U:\UCM_Repos\SFV\Practica 5 Solidos Rigidos\Entrega 1\skeleton\ParticleAnchoredSpring.cpp : fatal error C1041: no puede abrir la base de datos de programa 'U:\UCM_Repos\SFV\Practica 5 Solidos Rigidos\Entrega 1\bin\game.pdb'. Si varios CL.EXE escriben en el mismo archivo .PDB, use /FS.
U:\UCM_Repos\SFV\Practica 5 Solidos Rigidos\Entrega 1\skeleton\ParticleForceRegistry.cpp : fatal error C1041: no puede abrir la base de datos de programa 'U:\UCM_Repos\SFV\Practica 5 Solidos Rigidos\Entrega 1\bin\game.pdb'. Si varios CL.EXE escriben en el mismo archivo .PDB, use /FS.
U:\UCM_Repos\SFV\Practica 5 Solidos Rigidos\Entrega 1\skeleton\ParticleBuoyancy.cpp : fatal error C1041: no puede abrir la base de datos de programa 'U:\UCM_Repos\SFV\Practica 5 Solidos Rigidos\Entrega 1\bin\game.pdb'. Si varios CL.EXE escriben en el mismo archivo .PDB, use /FS.
U:\UCM_Repos\SFV\Practica 5 Solidos Rigidos\Entrega 1\skeleton\ParticleDrag.cpp : fatal error C1041: no puede abrir la base de datos de programa 'U:\UCM_Repos\SFV\Practica 5 Solidos Rigidos\Entrega 1\bin\game.pdb'. Si varios CL.EXE escriben en el mismo archivo .PDB, use /FS.
U:\UCM_Repos\SFV\Practica 5 Solidos Rigidos\Entrega 1\skeleton\ParticleGravity.cpp : fatal error C1041: no puede abrir la base de datos de programa 'U:\UCM_Repos\SFV\Practica 5 Solidos Rigidos\Entrega 1\bin\game.pdb'. Si varios CL.EXE escriben en el mismo archivo .PDB, use /FS.
U:\UCM_Repos\SFV\Practica 5 Solidos Rigidos\Entrega 1\skeleton\ParticleForceGenerator.cpp : fatal error C1041: no puede abrir la base de datos de programa 'U:\UCM_Repos\SFV\Practica 5 Solidos Rigidos\Entrega 1\bin\game.pdb'. Si varios CL.EXE escriben en el mismo archivo .PDB, use /FS.
  ParticleSpring.cpp
  RenderUtils.cpp
  Camera.cpp
  Render.cpp
  Rigidbody.cpp
  RigidBodyExplosion.cpp
U:\UCM_Repos\SFV\Practica 5 Solidos Rigidos\Entrega 1\skeleton\ParticleManager.cpp : fatal error C1041: no puede abrir la base de datos de programa 'U:\UCM_Repos\SFV\Practica 5 Solidos Rigidos\Entrega 1\bin\game.pdb'. Si varios CL.EXE escriben en el mismo archivo .PDB, use /FS.
  RigidbodyForceGenerator.cpp
  RigidbodyForceRegistry.cpp
U:\UCM_Repos\SFV\Practica 5 Solidos Rigidos\Entrega 1\skeleton\ParticleSpring.cpp : fatal error C1041: no puede abrir la base de datos de programa 'U:\UCM_Repos\SFV\Practica 5 Solidos Rigidos\Entrega 1\bin\game.pdb'. Si varios CL.EXE escriben en el mismo archivo .PDB, use /FS.
U:\UCM_Repos\SFV\Practica 5 Solidos Rigidos\Entrega 1\skeleton\Render\Render.cpp : fatal error C1041: no puede abrir la base de datos de programa 'U:\UCM_Repos\SFV\Practica 5 Solidos Rigidos\Entrega 1\bin\game.pdb'. Si varios CL.EXE escriben en el mismo archivo .PDB, use /FS.
U:\UCM_Repos\SFV\Practica 5 Solidos Rigidos\Entrega 1\skeleton\RenderUtils.cpp : fatal error C1041: no puede abrir la base de datos de programa 'U:\UCM_Repos\SFV\Practica 5 Solidos Rigidos\Entrega 1\bin\game.pdb'. Si varios CL.EXE escriben en el mismo archivo .PDB, use /FS.
  RigidBodySphereForce.cpp
U:\UCM_Repos\SFV\Practica 5 Solidos Rigidos\Entrega 1\skeleton\Rigidbody.cpp : fatal error C1041: no puede abrir la base de datos de programa 'U:\UCM_Repos\SFV\Practica 5 Solidos Rigidos\Entrega 1\bin\game.pdb'. Si varios CL.EXE escriben en el mismo archivo .PDB, use /FS.
U:\UCM_Repos\SFV\Practica 5 Solidos Rigidos\Entrega 1\skeleton\RigidBodyExplosion.cpp : fatal error C1041: no puede abrir la base de datos de programa 'U:\UCM_Repos\SFV\Practica 5 Solidos Rigidos\Entrega 1\bin\game.pdb'. Si varios CL.EXE escriben en el mismo archivo .PDB, use /FS.
  Scene.cpp
U:\UCM_Repos\SFV\Practica 5 Solidos Rigidos\Entrega 1\skeleton\RigidbodyForceGenerator.cpp : fatal error C1041: no puede abrir la base de datos de programa 'U:\UCM_Repos\SFV\Practica 5 Solidos Rigidos\Entrega 1\bin\game.pdb'. Si varios CL.EXE escriben en el mismo archivo .PDB, use /FS.
  StaticRigidbdy.cpp
  WindGenerator.cpp
U:\UCM_Repos\SFV\Practica 5 Solidos Rigidos\Entrega 1\skeleton\RigidbodyForceRegistry.cpp : fatal error C1041: no puede abrir la base de datos de programa 'U:\UCM_Repos\SFV\Practica 5 Solidos Rigidos\Entrega 1\bin\game.pdb'. Si varios CL.EXE escriben en el mismo archivo .PDB, use /FS.
U:\UCM_Repos\SFV\Practica 5 Solidos Rigidos\Entrega 1\skeleton\Render\Camera.cpp : fatal error C1041: no puede abrir la base de datos de programa 'U:\UCM_Repos\SFV\Practica 5 Solidos Rigidos\Entrega 1\bin\game.pdb'. Si varios CL.EXE escriben en el mismo archivo .PDB, use /FS.
U:\UCM_Repos\SFV\Practica 5 Solidos Rigidos\Entrega 1\skeleton\WindGenerator.cpp : fatal error C1041: no puede abrir la base de datos de programa 'U:\UCM_Repos\SFV\Practica 5 Solidos Rigidos\Entrega 1\bin\game.pdb'. Si varios CL.EXE escriben en el mismo archivo .PDB, use /FS.
U:\UCM_Repos\SFV\Practica 5 Solidos Rigidos\Entrega 1\skeleton\Scene.cpp : fatal error C1041: no puede abrir la base de datos de programa 'U:\UCM_Repos\SFV\Practica 5 Solidos Rigidos\Entrega 1\bin\game.pdb'. Si varios CL.EXE escriben en el mismo archivo .PDB, use /FS.
U:\UCM_Repos\SFV\Practica 5 Solidos Rigidos\Entrega 1\skeleton\StaticRigidbdy.cpp : fatal error C1041: no puede abrir la base de datos de programa 'U:\UCM_Repos\SFV\Practica 5 Solidos Rigidos\Entrega 1\bin\game.pdb'. Si varios CL.EXE escriben en el mismo archivo .PDB, use /FS.
U:\UCM_Repos\SFV\Practica 5 Solidos Rigidos\Entrega 1\skeleton\RigidBodySphereForce.cpp : fatal error C1041: no puede abrir la base de datos de programa 'U:\UCM_Repos\SFV\Practica 5 Solidos Rigidos\Entrega 1\bin\game.pdb'. Si varios CL.EXE escriben en el mismo archivo .PDB, use /FS.
